-- Install configuration: ""
-- Up-to-date: /home/liyanshen/chapter_3_ws/install/robot_description/share/robot_description/config
-- Up-to-date: /home/liyanshen/chapter_3_ws/install/robot_description/share/robot_description/config/joint_state_controller.yaml
-- Up-to-date: /home/liyanshen/chapter_3_ws/install/robot_description/share/robot_description/config/view_urdf.rviz
-- Up-to-date: /home/liyanshen/chapter_3_ws/install/robot_description/share/robot_description/config/control_fetch.yaml
-- Up-to-date: /home/liyanshen/chapter_3_ws/install/robot_description/share/robot_description/config/arm_control.yaml
-- Up-to-date: /home/liyanshen/chapter_3_ws/install/robot_description/share/robot_description/config/control.yaml
-- Up-to-date: /home/liyanshen/chapter_3_ws/install/robot_description/share/robot_description/meshes
-- Up-to-date: /home/liyanshen/chapter_3_ws/install/robot_description/share/robot_description/meshes/bicep.stl
-- Up-to-date: /home/liyanshen/chapter_3_ws/install/robot_description/share/robot_description/meshes/wheel.stl
-- Up-to-date: /home/liyanshen/chapter_3_ws/install/robot_description/share/robot_description/meshes/wrist.stl
-- Up-to-date: /home/liyanshen/chapter_3_ws/install/robot_description/share/robot_description/meshes/robot_base.stl
-- Up-to-date: /home/liyanshen/chapter_3_ws/install/robot_description/share/robot_description/meshes/arm_base.stl
-- Up-to-date: /home/liyanshen/chapter_3_ws/install/robot_description/share/robot_description/meshes/elbow.stl
-- Up-to-date: /home/liyanshen/chapter_3_ws/install/robot_description/share/robot_description/urdf
-- Up-to-date: /home/liyanshen/chapter_3_ws/install/robot_description/share/robot_description/urdf/robot_base.urdf
-- Up-to-date: /home/liyanshen/chapter_3_ws/install/robot_description/share/robot_description/urdf/robot_essentials.xacro
-- Up-to-date: /home/liyanshen/chapter_3_ws/install/robot_description/share/robot_description/urdf/robot_arm.urdf
-- Up-to-date: /home/liyanshen/chapter_3_ws/install/robot_description/share/robot_description/urdf/robot_arm.urdf.xacro
-- Up-to-date: /home/liyanshen/chapter_3_ws/install/robot_description/share/robot_description/urdf/robot_arm_essentials.xacro
-- Up-to-date: /home/liyanshen/chapter_3_ws/install/robot_description/share/robot_description/urdf/mobile_manipulator.urdf.xacro
-- Up-to-date: /home/liyanshen/chapter_3_ws/install/robot_description/share/robot_description/urdf/gazebo_essentials_arm.xacro
-- Up-to-date: /home/liyanshen/chapter_3_ws/install/robot_description/share/robot_description/urdf/gazebo_essentials.xacro
-- Up-to-date: /home/liyanshen/chapter_3_ws/install/robot_description/share/robot_description/urdf/gazebo_essentials_base.xacro
-- Up-to-date: /home/liyanshen/chapter_3_ws/install/robot_description/share/robot_description/urdf/robot_base_essentials.xacro
-- Up-to-date: /home/liyanshen/chapter_3_ws/install/robot_description/share/robot_description/urdf/robot_base.urdf.xacro
-- Up-to-date: /home/liyanshen/chapter_3_ws/install/robot_description/share/robot_description/urdf/mobile_manipulator.urdf
-- Up-to-date: /home/liyanshen/chapter_3_ws/install/robot_description/share/ament_index/resource_index/package_run_dependencies/robot_description
-- Up-to-date: /home/liyanshen/chapter_3_ws/install/robot_description/share/ament_index/resource_index/parent_prefix_path/robot_description
-- Up-to-date: /home/liyanshen/chapter_3_ws/install/robot_description/share/robot_description/environment/ament_prefix_path.sh
-- Up-to-date: /home/liyanshen/chapter_3_ws/install/robot_description/share/robot_description/environment/ament_prefix_path.dsv
-- Up-to-date: /home/liyanshen/chapter_3_ws/install/robot_description/share/robot_description/environment/path.sh
-- Up-to-date: /home/liyanshen/chapter_3_ws/install/robot_description/share/robot_description/environment/path.dsv
-- Up-to-date: /home/liyanshen/chapter_3_ws/install/robot_description/share/robot_description/local_setup.bash
-- Up-to-date: /home/liyanshen/chapter_3_ws/install/robot_description/share/robot_description/local_setup.sh
-- Up-to-date: /home/liyanshen/chapter_3_ws/install/robot_description/share/robot_description/local_setup.zsh
-- Up-to-date: /home/liyanshen/chapter_3_ws/install/robot_description/share/robot_description/local_setup.dsv
-- Installing: /home/liyanshen/chapter_3_ws/install/robot_description/share/robot_description/package.dsv
-- Up-to-date: /home/liyanshen/chapter_3_ws/install/robot_description/share/ament_index/resource_index/packages/robot_description
-- Up-to-date: /home/liyanshen/chapter_3_ws/install/robot_description/share/robot_description/cmake/robot_descriptionConfig.cmake
-- Up-to-date: /home/liyanshen/chapter_3_ws/install/robot_description/share/robot_description/cmake/robot_descriptionConfig-version.cmake
-- Up-to-date: /home/liyanshen/chapter_3_ws/install/robot_description/share/robot_description/package.xml
