[0.016s] Invoking command in '/home/liyanshen/chapter_3_ws/build/robot_description': CMAKE_PREFIX_PATH=/opt/ros/humble /usr/bin/cmake --build /home/liyanshen/chapter_3_ws/build/robot_description -- -j8 -l8
[0.061s] Invoked command in '/home/liyanshen/chapter_3_ws/build/robot_description' returned '0': CMAKE_PREFIX_PATH=/opt/ros/humble /usr/bin/cmake --build /home/liyanshen/chapter_3_ws/build/robot_description -- -j8 -l8
[0.088s] Invoking command in '/home/liyanshen/chapter_3_ws/build/robot_description': CMAKE_PREFIX_PATH=/opt/ros/humble /usr/bin/cmake --install /home/liyanshen/chapter_3_ws/build/robot_description
[0.095s] -- Install configuration: ""
[0.095s] -- Up-to-date: /home/liyanshen/chapter_3_ws/install/robot_description/share/robot_description/config
[0.095s] -- Up-to-date: /home/liyanshen/chapter_3_ws/install/robot_description/share/robot_description/config/joint_state_controller.yaml
[0.095s] -- Up-to-date: /home/liyanshen/chapter_3_ws/install/robot_description/share/robot_description/config/view_urdf.rviz
[0.095s] -- Up-to-date: /home/liyanshen/chapter_3_ws/install/robot_description/share/robot_description/config/control_fetch.yaml
[0.095s] -- Up-to-date: /home/liyanshen/chapter_3_ws/install/robot_description/share/robot_description/config/arm_control.yaml
[0.095s] -- Up-to-date: /home/liyanshen/chapter_3_ws/install/robot_description/share/robot_description/config/control.yaml
[0.096s] -- Up-to-date: /home/liyanshen/chapter_3_ws/install/robot_description/share/robot_description/meshes
[0.096s] -- Up-to-date: /home/liyanshen/chapter_3_ws/install/robot_description/share/robot_description/meshes/bicep.stl
[0.096s] -- Up-to-date: /home/liyanshen/chapter_3_ws/install/robot_description/share/robot_description/meshes/wheel.stl
[0.096s] -- Up-to-date: /home/liyanshen/chapter_3_ws/install/robot_description/share/robot_description/meshes/wrist.stl
[0.096s] -- Up-to-date: /home/liyanshen/chapter_3_ws/install/robot_description/share/robot_description/meshes/robot_base.stl
[0.096s] -- Up-to-date: /home/liyanshen/chapter_3_ws/install/robot_description/share/robot_description/meshes/arm_base.stl
[0.096s] -- Up-to-date: /home/liyanshen/chapter_3_ws/install/robot_description/share/robot_description/meshes/elbow.stl
[0.096s] -- Up-to-date: /home/liyanshen/chapter_3_ws/install/robot_description/share/robot_description/urdf
[0.096s] -- Up-to-date: /home/liyanshen/chapter_3_ws/install/robot_description/share/robot_description/urdf/robot_base.urdf
[0.096s] -- Up-to-date: /home/liyanshen/chapter_3_ws/install/robot_description/share/robot_description/urdf/robot_essentials.xacro
[0.097s] -- Up-to-date: /home/liyanshen/chapter_3_ws/install/robot_description/share/robot_description/urdf/robot_arm.urdf
[0.098s] -- Up-to-date: /home/liyanshen/chapter_3_ws/install/robot_description/share/robot_description/urdf/robot_arm.urdf.xacro
[0.098s] -- Up-to-date: /home/liyanshen/chapter_3_ws/install/robot_description/share/robot_description/urdf/robot_arm_essentials.xacro
[0.098s] -- Up-to-date: /home/liyanshen/chapter_3_ws/install/robot_description/share/robot_description/urdf/mobile_manipulator.urdf.xacro
[0.099s] -- Up-to-date: /home/liyanshen/chapter_3_ws/install/robot_description/share/robot_description/urdf/gazebo_essentials_arm.xacro
[0.099s] -- Up-to-date: /home/liyanshen/chapter_3_ws/install/robot_description/share/robot_description/urdf/gazebo_essentials.xacro
[0.099s] -- Up-to-date: /home/liyanshen/chapter_3_ws/install/robot_description/share/robot_description/urdf/gazebo_essentials_base.xacro
[0.099s] -- Up-to-date: /home/liyanshen/chapter_3_ws/install/robot_description/share/robot_description/urdf/robot_base_essentials.xacro
[0.099s] -- Up-to-date: /home/liyanshen/chapter_3_ws/install/robot_description/share/robot_description/urdf/robot_base.urdf.xacro
[0.100s] -- Up-to-date: /home/liyanshen/chapter_3_ws/install/robot_description/share/robot_description/urdf/mobile_manipulator.urdf
[0.100s] -- Up-to-date: /home/liyanshen/chapter_3_ws/install/robot_description/share/ament_index/resource_index/package_run_dependencies/robot_description
[0.101s] -- Up-to-date: /home/liyanshen/chapter_3_ws/install/robot_description/share/ament_index/resource_index/parent_prefix_path/robot_description
[0.101s] -- Up-to-date: /home/liyanshen/chapter_3_ws/install/robot_description/share/robot_description/environment/ament_prefix_path.sh
[0.101s] -- Up-to-date: /home/liyanshen/chapter_3_ws/install/robot_description/share/robot_description/environment/ament_prefix_path.dsv
[0.101s] -- Up-to-date: /home/liyanshen/chapter_3_ws/install/robot_description/share/robot_description/environment/path.sh
[0.101s] -- Up-to-date: /home/liyanshen/chapter_3_ws/install/robot_description/share/robot_description/environment/path.dsv
[0.101s] -- Up-to-date: /home/liyanshen/chapter_3_ws/install/robot_description/share/robot_description/local_setup.bash
[0.101s] -- Up-to-date: /home/liyanshen/chapter_3_ws/install/robot_description/share/robot_description/local_setup.sh
[0.102s] -- Up-to-date: /home/liyanshen/chapter_3_ws/install/robot_description/share/robot_description/local_setup.zsh
[0.102s] -- Up-to-date: /home/liyanshen/chapter_3_ws/install/robot_description/share/robot_description/local_setup.dsv
[0.103s] -- Up-to-date: /home/liyanshen/chapter_3_ws/install/robot_description/share/robot_description/package.dsv
[0.103s] -- Up-to-date: /home/liyanshen/chapter_3_ws/install/robot_description/share/ament_index/resource_index/packages/robot_description
[0.103s] -- Up-to-date: /home/liyanshen/chapter_3_ws/install/robot_description/share/robot_description/cmake/robot_descriptionConfig.cmake
[0.103s] -- Up-to-date: /home/liyanshen/chapter_3_ws/install/robot_description/share/robot_description/cmake/robot_descriptionConfig-version.cmake
[0.103s] -- Up-to-date: /home/liyanshen/chapter_3_ws/install/robot_description/share/robot_description/package.xml
[0.104s] Invoked command in '/home/liyanshen/chapter_3_ws/build/robot_description' returned '0': CMAKE_PREFIX_PATH=/opt/ros/humble /usr/bin/cmake --install /home/liyanshen/chapter_3_ws/build/robot_description
