[0.014s] Invoking command in '/home/liyanshen/chapter_3_ws/build/robot_description': CMAKE_PREFIX_PATH=/opt/ros/humble /usr/bin/cmake /home/liyanshen/chapter_3_ws/src/robot_description -DCMAKE_INSTALL_PREFIX=/home/liyanshen/chapter_3_ws/install/robot_description
[0.108s] -- The C compiler identification is GNU 11.2.0
[0.188s] -- The CXX compiler identification is GNU 11.2.0
[0.196s] -- Detecting C compiler ABI info
[0.284s] -- Detecting C compiler ABI info - done
[0.294s] -- Check for working C compiler: /usr/bin/cc - skipped
[0.294s] -- Detecting C compile features
[0.295s] -- Detecting C compile features - done
[0.298s] -- Detecting CXX compiler ABI info
[0.391s] -- Detecting CXX compiler ABI info - done
[0.400s] -- Check for working CXX compiler: /usr/bin/c++ - skipped
[0.400s] -- Detecting CXX compile features
[0.401s] -- Detecting CXX compile features - done
[0.404s] -- Found ament_cmake: 1.3.2 (/opt/ros/humble/share/ament_cmake/cmake)
[0.665s] -- Found Python3: /usr/bin/python3.10 (found version "3.10.4") found components: Interpreter 
[0.775s] -- Found ament_lint_auto: 0.12.4 (/opt/ros/humble/share/ament_lint_auto/cmake)
[0.890s] -- Added test 'lint_cmake' to check CMake code style
[0.891s] -- Added test 'xmllint' to check XML markup files
[0.892s] -- Configuring done
[0.895s] -- Generating done
[0.895s] -- Build files have been written to: /home/liyanshen/chapter_3_ws/build/robot_description
[0.900s] Invoked command in '/home/liyanshen/chapter_3_ws/build/robot_description' returned '0': CMAKE_PREFIX_PATH=/opt/ros/humble /usr/bin/cmake /home/liyanshen/chapter_3_ws/src/robot_description -DCMAKE_INSTALL_PREFIX=/home/liyanshen/chapter_3_ws/install/robot_description
[0.903s] Invoking command in '/home/liyanshen/chapter_3_ws/build/robot_description': CMAKE_PREFIX_PATH=/opt/ros/humble /usr/bin/cmake --build /home/liyanshen/chapter_3_ws/build/robot_description -- -j8 -l8
[0.954s] Invoked command in '/home/liyanshen/chapter_3_ws/build/robot_description' returned '0': CMAKE_PREFIX_PATH=/opt/ros/humble /usr/bin/cmake --build /home/liyanshen/chapter_3_ws/build/robot_description -- -j8 -l8
[0.982s] Invoking command in '/home/liyanshen/chapter_3_ws/build/robot_description': CMAKE_PREFIX_PATH=/opt/ros/humble /usr/bin/cmake --install /home/liyanshen/chapter_3_ws/build/robot_description
[0.988s] -- Install configuration: ""
[0.988s] -- Installing: /home/liyanshen/chapter_3_ws/install/robot_description/share/robot_description/config
[0.989s] -- Installing: /home/liyanshen/chapter_3_ws/install/robot_description/share/robot_description/config/joint_state_controller.yaml
[0.989s] -- Installing: /home/liyanshen/chapter_3_ws/install/robot_description/share/robot_description/config/view_urdf.rviz
[0.989s] -- Installing: /home/liyanshen/chapter_3_ws/install/robot_description/share/robot_description/config/control_fetch.yaml
[0.989s] -- Installing: /home/liyanshen/chapter_3_ws/install/robot_description/share/robot_description/config/arm_control.yaml
[0.989s] -- Installing: /home/liyanshen/chapter_3_ws/install/robot_description/share/robot_description/config/control.yaml
[0.989s] -- Installing: /home/liyanshen/chapter_3_ws/install/robot_description/share/robot_description/meshes
[0.990s] -- Installing: /home/liyanshen/chapter_3_ws/install/robot_description/share/robot_description/meshes/bicep.stl
[0.990s] -- Installing: /home/liyanshen/chapter_3_ws/install/robot_description/share/robot_description/meshes/wheel.stl
[0.990s] -- Installing: /home/liyanshen/chapter_3_ws/install/robot_description/share/robot_description/meshes/wrist.stl
[0.990s] -- Installing: /home/liyanshen/chapter_3_ws/install/robot_description/share/robot_description/meshes/robot_base.stl
[0.990s] -- Installing: /home/liyanshen/chapter_3_ws/install/robot_description/share/robot_description/meshes/arm_base.stl
[0.990s] -- Installing: /home/liyanshen/chapter_3_ws/install/robot_description/share/robot_description/meshes/elbow.stl
[0.991s] -- Installing: /home/liyanshen/chapter_3_ws/install/robot_description/share/robot_description/urdf
[0.991s] -- Installing: /home/liyanshen/chapter_3_ws/install/robot_description/share/robot_description/urdf/robot_base.urdf
[0.991s] -- Installing: /home/liyanshen/chapter_3_ws/install/robot_description/share/robot_description/urdf/robot_essentials.xacro
[0.991s] -- Installing: /home/liyanshen/chapter_3_ws/install/robot_description/share/robot_description/urdf/robot_arm.urdf
[0.991s] -- Installing: /home/liyanshen/chapter_3_ws/install/robot_description/share/robot_description/urdf/robot_arm.urdf.xacro
[0.992s] -- Installing: /home/liyanshen/chapter_3_ws/install/robot_description/share/robot_description/urdf/robot_arm_essentials.xacro
[0.992s] -- Installing: /home/liyanshen/chapter_3_ws/install/robot_description/share/robot_description/urdf/mobile_manipulator.urdf.xacro
[0.992s] -- Installing: /home/liyanshen/chapter_3_ws/install/robot_description/share/robot_description/urdf/gazebo_essentials_arm.xacro
[0.992s] -- Installing: /home/liyanshen/chapter_3_ws/install/robot_description/share/robot_description/urdf/gazebo_essentials.xacro
[0.992s] -- Installing: /home/liyanshen/chapter_3_ws/install/robot_description/share/robot_description/urdf/gazebo_essentials_base.xacro
[0.993s] -- Installing: /home/liyanshen/chapter_3_ws/install/robot_description/share/robot_description/urdf/robot_base_essentials.xacro
[0.993s] -- Installing: /home/liyanshen/chapter_3_ws/install/robot_description/share/robot_description/urdf/robot_base.urdf.xacro
[0.993s] -- Installing: /home/liyanshen/chapter_3_ws/install/robot_description/share/robot_description/urdf/mobile_manipulator.urdf
[0.993s] -- Installing: /home/liyanshen/chapter_3_ws/install/robot_description/share/ament_index/resource_index/package_run_dependencies/robot_description
[0.993s] -- Installing: /home/liyanshen/chapter_3_ws/install/robot_description/share/ament_index/resource_index/parent_prefix_path/robot_description
[0.994s] -- Installing: /home/liyanshen/chapter_3_ws/install/robot_description/share/robot_description/environment/ament_prefix_path.sh
[0.994s] -- Installing: /home/liyanshen/chapter_3_ws/install/robot_description/share/robot_description/environment/ament_prefix_path.dsv
[0.994s] -- Installing: /home/liyanshen/chapter_3_ws/install/robot_description/share/robot_description/environment/path.sh
[0.994s] -- Installing: /home/liyanshen/chapter_3_ws/install/robot_description/share/robot_description/environment/path.dsv
[0.994s] -- Installing: /home/liyanshen/chapter_3_ws/install/robot_description/share/robot_description/local_setup.bash
[0.994s] -- Installing: /home/liyanshen/chapter_3_ws/install/robot_description/share/robot_description/local_setup.sh
[0.995s] -- Installing: /home/liyanshen/chapter_3_ws/install/robot_description/share/robot_description/local_setup.zsh
[0.995s] -- Installing: /home/liyanshen/chapter_3_ws/install/robot_description/share/robot_description/local_setup.dsv
[0.995s] -- Installing: /home/liyanshen/chapter_3_ws/install/robot_description/share/robot_description/package.dsv
[0.996s] -- Installing: /home/liyanshen/chapter_3_ws/install/robot_description/share/ament_index/resource_index/packages/robot_description
[0.998s] -- Installing: /home/liyanshen/chapter_3_ws/install/robot_description/share/robot_description/cmake/robot_descriptionConfig.cmake
[0.998s] -- Installing: /home/liyanshen/chapter_3_ws/install/robot_description/share/robot_description/cmake/robot_descriptionConfig-version.cmake
[0.998s] -- Installing: /home/liyanshen/chapter_3_ws/install/robot_description/share/robot_description/package.xml
[0.999s] Invoked command in '/home/liyanshen/chapter_3_ws/build/robot_description' returned '0': CMAKE_PREFIX_PATH=/opt/ros/humble /usr/bin/cmake --install /home/liyanshen/chapter_3_ws/build/robot_description
